------------------------------------------------------PD Detection with mix Audio(Mel), Conv-BiLSTM-1D, PHQ-Subscores, CrossEntropy with weights, ASAM------------------------------------------------------
------------------------------------------------------PD Detection with mix Audio(Mel), Conv-BiLSTM-1D, PHQ-Subscores, CrossEntropy with weights, ASAM------------------------------------------------------
------------------------------------------------------PD Detection with mix Audio(Mel), Conv-BiLSTM-1D, PHQ-Subscores, CrossEntropy with weights, ASAM------------------------------------------------------
------------------------------------------------------PD Detection with mix Audio(Mel), Conv-BiLSTM-1D, PHQ-Subscores, CrossEntropy with weights, ASAM------------------------------------------------------
------------------------------------------------------PD Detection with mix Audio(Mel), Conv-BiLSTM-1D, PHQ-Subscores, CrossEntropy with weights, ASAM------------------------------------------------------
Epoch: 0  Current Best Test for f1-score: 0 at epoch 0
Epoch: 0  Current Best Test for accuracy: 0 at epoch 0
------------------------------------------------------PD Detection with mix Audio(Mel), Conv-BiLSTM-1D, PHQ-Subscores, CrossEntropy with weights, ASAM------------------------------------------------------
Epoch: 0  Current Best Test for f1-score: 0 at epoch 0
Epoch: 0  Current Best Test for accuracy: 0 at epoch 0
------------------------------------------------------PD Detection with mix Audio(Mel), Conv-BiLSTM-1D, PHQ-Subscores, CrossEntropy with weights, ASAM------------------------------------------------------
Epoch: 0  Current Best Test for f1-score: 0 at epoch 0
Epoch: 0  Current Best Test for accuracy: 0 at epoch 0
------------------------------------------------------PD Detection with mix Audio(Mel), Conv-BiLSTM-1D, PHQ-Subscores, CrossEntropy with weights, ASAM------------------------------------------------------
Epoch: 0  Current Best Test for f1-score: 0 at epoch 0
Epoch: 0  Current Best Test for accuracy: 0 at epoch 0
------------------------------------------------------PD Detection with mix Audio(Mel), Conv-BiLSTM-1D, PHQ-Subscores, CrossEntropy with weights, ASAM------------------------------------------------------
Epoch: 0  Current Best Test for f1-score: 0 at epoch 0
Epoch: 0  Current Best Test for accuracy: 0 at epoch 0
------------------------------------------------------PD Detection with mix Audio(Mel), Conv-BiLSTM-1D, PHQ-Subscores, CrossEntropy with weights, ASAM------------------------------------------------------
Epoch: 0  Current Best Test for f1-score: 0 at epoch 0
Epoch: 0  Current Best Test for accuracy: 0 at epoch 0
------------------------------------------------------PD Detection with mix Audio(Mel), Conv-BiLSTM-1D, PHQ-Subscores, CrossEntropy with weights, ASAM------------------------------------------------------
Epoch: 0  Current Best Test for f1-score: 0 at epoch 0
Epoch: 0  Current Best Test for accuracy: 0 at epoch 0
  test:
  | time:    0.257s | LR: 0.001000 | Average Loss:      nan | Accuracy: 56.25% (36/64) |
  Output Scores:
  - Confusion Matrix:
    -----------------------
    | TP:   36 | FP:   28 |
    -----------------------
    | FN:    0 | TN:    0 |
    -----------------------
  - Classification:
      TPR/Sensitivity: 1.0000
      TNR/Specificity: 0.0000
      Precision: 0.5625
      Recall: 1.0000
      F1-score: 0.7200
Epoch: 1  Current Best Test for f1-score: 0.72 at epoch 0
Epoch: 1  Current Best Test for accuracy: 0.5625 at epoch 0
  test:
  | time:    0.107s | LR: 0.001000 | Average Loss:      nan | Accuracy: 56.25% (36/64) |
  Output Scores:
  - Confusion Matrix:
    -----------------------
    | TP:   36 | FP:   28 |
    -----------------------
    | FN:    0 | TN:    0 |
    -----------------------
  - Classification:
      TPR/Sensitivity: 1.0000
      TNR/Specificity: 0.0000
      Precision: 0.5625
      Recall: 1.0000
      F1-score: 0.7200
Epoch: 2  Current Best Test for f1-score: 0.72 at epoch 0
Epoch: 2  Current Best Test for accuracy: 0.5625 at epoch 0
  test:
  | time:    0.111s | LR: 0.001000 | Average Loss:      nan | Accuracy: 56.25% (36/64) |
  Output Scores:
  - Confusion Matrix:
    -----------------------
    | TP:   36 | FP:   28 |
    -----------------------
    | FN:    0 | TN:    0 |
    -----------------------
  - Classification:
      TPR/Sensitivity: 1.0000
      TNR/Specificity: 0.0000
      Precision: 0.5625
      Recall: 1.0000
      F1-score: 0.7200
Epoch: 3  Current Best Test for f1-score: 0.72 at epoch 0
Epoch: 3  Current Best Test for accuracy: 0.5625 at epoch 0
  test:
  | time:    0.102s | LR: 0.001000 | Average Loss:      nan | Accuracy: 56.25% (36/64) |
  Output Scores:
  - Confusion Matrix:
    -----------------------
    | TP:   36 | FP:   28 |
    -----------------------
    | FN:    0 | TN:    0 |
    -----------------------
  - Classification:
      TPR/Sensitivity: 1.0000
      TNR/Specificity: 0.0000
      Precision: 0.5625
      Recall: 1.0000
      F1-score: 0.7200
Epoch: 4  Current Best Test for f1-score: 0.72 at epoch 0
Epoch: 4  Current Best Test for accuracy: 0.5625 at epoch 0
  test:
  | time:    0.098s | LR: 0.001000 | Average Loss:      nan | Accuracy: 56.25% (36/64) |
  Output Scores:
  - Confusion Matrix:
    -----------------------
    | TP:   36 | FP:   28 |
    -----------------------
    | FN:    0 | TN:    0 |
    -----------------------
  - Classification:
      TPR/Sensitivity: 1.0000
      TNR/Specificity: 0.0000
      Precision: 0.5625
      Recall: 1.0000
      F1-score: 0.7200
Epoch: 5  Current Best Test for f1-score: 0.72 at epoch 0
Epoch: 5  Current Best Test for accuracy: 0.5625 at epoch 0
  test:
  | time:    0.110s | LR: 0.001000 | Average Loss:      nan | Accuracy: 56.25% (36/64) |
  Output Scores:
  - Confusion Matrix:
    -----------------------
    | TP:   36 | FP:   28 |
    -----------------------
    | FN:    0 | TN:    0 |
    -----------------------
  - Classification:
      TPR/Sensitivity: 1.0000
      TNR/Specificity: 0.0000
      Precision: 0.5625
      Recall: 1.0000
      F1-score: 0.7200
Epoch: 6  Current Best Test for f1-score: 0.72 at epoch 0
Epoch: 6  Current Best Test for accuracy: 0.5625 at epoch 0
  test:
  | time:    0.097s | LR: 0.001000 | Average Loss:      nan | Accuracy: 56.25% (36/64) |
  Output Scores:
  - Confusion Matrix:
    -----------------------
    | TP:   36 | FP:   28 |
    -----------------------
    | FN:    0 | TN:    0 |
    -----------------------
  - Classification:
      TPR/Sensitivity: 1.0000
      TNR/Specificity: 0.0000
      Precision: 0.5625
      Recall: 1.0000
      F1-score: 0.7200
Epoch: 7  Current Best Test for f1-score: 0.72 at epoch 0
Epoch: 7  Current Best Test for accuracy: 0.5625 at epoch 0
  test:
  | time:    0.110s | LR: 0.001000 | Average Loss:      nan | Accuracy: 56.25% (36/64) |
  Output Scores:
  - Confusion Matrix:
    -----------------------
    | TP:   36 | FP:   28 |
    -----------------------
    | FN:    0 | TN:    0 |
    -----------------------
  - Classification:
      TPR/Sensitivity: 1.0000
      TNR/Specificity: 0.0000
      Precision: 0.5625
      Recall: 1.0000
      F1-score: 0.7200
Epoch: 8  Current Best Test for f1-score: 0.72 at epoch 0
Epoch: 8  Current Best Test for accuracy: 0.5625 at epoch 0
  test:
  | time:    0.100s | LR: 0.001000 | Average Loss:      nan | Accuracy: 56.25% (36/64) |
  Output Scores:
  - Confusion Matrix:
    -----------------------
    | TP:   36 | FP:   28 |
    -----------------------
    | FN:    0 | TN:    0 |
    -----------------------
  - Classification:
      TPR/Sensitivity: 1.0000
      TNR/Specificity: 0.0000
      Precision: 0.5625
      Recall: 1.0000
      F1-score: 0.7200
Epoch: 9  Current Best Test for f1-score: 0.72 at epoch 0
Epoch: 9  Current Best Test for accuracy: 0.5625 at epoch 0
  test:
  | time:    0.108s | LR: 0.001000 | Average Loss:      nan | Accuracy: 56.25% (36/64) |
  Output Scores:
  - Confusion Matrix:
    -----------------------
    | TP:   36 | FP:   28 |
    -----------------------
    | FN:    0 | TN:    0 |
    -----------------------
  - Classification:
      TPR/Sensitivity: 1.0000
      TNR/Specificity: 0.0000
      Precision: 0.5625
      Recall: 1.0000
      F1-score: 0.7200
Epoch: 10  Current Best Test for f1-score: 0.72 at epoch 0
Epoch: 10  Current Best Test for accuracy: 0.5625 at epoch 0
  test:
  | time:    0.094s | LR: 0.001000 | Average Loss:      nan | Accuracy: 56.25% (36/64) |
  Output Scores:
  - Confusion Matrix:
    -----------------------
    | TP:   36 | FP:   28 |
    -----------------------
    | FN:    0 | TN:    0 |
    -----------------------
  - Classification:
      TPR/Sensitivity: 1.0000
      TNR/Specificity: 0.0000
      Precision: 0.5625
      Recall: 1.0000
      F1-score: 0.7200
Epoch: 11  Current Best Test for f1-score: 0.72 at epoch 0
Epoch: 11  Current Best Test for accuracy: 0.5625 at epoch 0
  test:
  | time:    0.106s | LR: 0.001000 | Average Loss:      nan | Accuracy: 56.25% (36/64) |
  Output Scores:
  - Confusion Matrix:
    -----------------------
    | TP:   36 | FP:   28 |
    -----------------------
    | FN:    0 | TN:    0 |
    -----------------------
  - Classification:
      TPR/Sensitivity: 1.0000
      TNR/Specificity: 0.0000
      Precision: 0.5625
      Recall: 1.0000
      F1-score: 0.7200
Epoch: 12  Current Best Test for f1-score: 0.72 at epoch 0
Epoch: 12  Current Best Test for accuracy: 0.5625 at epoch 0
  test:
  | time:    0.097s | LR: 0.001000 | Average Loss:      nan | Accuracy: 56.25% (36/64) |
  Output Scores:
  - Confusion Matrix:
    -----------------------
    | TP:   36 | FP:   28 |
    -----------------------
    | FN:    0 | TN:    0 |
    -----------------------
  - Classification:
      TPR/Sensitivity: 1.0000
      TNR/Specificity: 0.0000
      Precision: 0.5625
      Recall: 1.0000
      F1-score: 0.7200
Epoch: 13  Current Best Test for f1-score: 0.72 at epoch 0
Epoch: 13  Current Best Test for accuracy: 0.5625 at epoch 0
  test:
  | time:    0.111s | LR: 0.001000 | Average Loss:      nan | Accuracy: 56.25% (36/64) |
  Output Scores:
  - Confusion Matrix:
    -----------------------
    | TP:   36 | FP:   28 |
    -----------------------
    | FN:    0 | TN:    0 |
    -----------------------
  - Classification:
      TPR/Sensitivity: 1.0000
      TNR/Specificity: 0.0000
      Precision: 0.5625
      Recall: 1.0000
      F1-score: 0.7200
Epoch: 14  Current Best Test for f1-score: 0.72 at epoch 0
Epoch: 14  Current Best Test for accuracy: 0.5625 at epoch 0
  test:
  | time:    0.093s | LR: 0.001000 | Average Loss:      nan | Accuracy: 56.25% (36/64) |
  Output Scores:
  - Confusion Matrix:
    -----------------------
    | TP:   36 | FP:   28 |
    -----------------------
    | FN:    0 | TN:    0 |
    -----------------------
  - Classification:
      TPR/Sensitivity: 1.0000
      TNR/Specificity: 0.0000
      Precision: 0.5625
      Recall: 1.0000
      F1-score: 0.7200
Epoch: 15  Current Best Test for f1-score: 0.72 at epoch 0
Epoch: 15  Current Best Test for accuracy: 0.5625 at epoch 0
  test:
  | time:    0.107s | LR: 0.001000 | Average Loss:      nan | Accuracy: 56.25% (36/64) |
  Output Scores:
  - Confusion Matrix:
    -----------------------
    | TP:   36 | FP:   28 |
    -----------------------
    | FN:    0 | TN:    0 |
    -----------------------
  - Classification:
      TPR/Sensitivity: 1.0000
      TNR/Specificity: 0.0000
      Precision: 0.5625
      Recall: 1.0000
      F1-score: 0.7200
Epoch: 16  Current Best Test for f1-score: 0.72 at epoch 0
Epoch: 16  Current Best Test for accuracy: 0.5625 at epoch 0
  test:
  | time:    0.097s | LR: 0.001000 | Average Loss:      nan | Accuracy: 56.25% (36/64) |
  Output Scores:
  - Confusion Matrix:
    -----------------------
    | TP:   36 | FP:   28 |
    -----------------------
    | FN:    0 | TN:    0 |
    -----------------------
  - Classification:
      TPR/Sensitivity: 1.0000
      TNR/Specificity: 0.0000
      Precision: 0.5625
      Recall: 1.0000
      F1-score: 0.7200
Epoch: 17  Current Best Test for f1-score: 0.72 at epoch 0
Epoch: 17  Current Best Test for accuracy: 0.5625 at epoch 0
  test:
  | time:    0.112s | LR: 0.001000 | Average Loss:      nan | Accuracy: 56.25% (36/64) |
  Output Scores:
  - Confusion Matrix:
    -----------------------
    | TP:   36 | FP:   28 |
    -----------------------
    | FN:    0 | TN:    0 |
    -----------------------
  - Classification:
      TPR/Sensitivity: 1.0000
      TNR/Specificity: 0.0000
      Precision: 0.5625
      Recall: 1.0000
      F1-score: 0.7200
Epoch: 18  Current Best Test for f1-score: 0.72 at epoch 0
Epoch: 18  Current Best Test for accuracy: 0.5625 at epoch 0
  test:
  | time:    0.098s | LR: 0.001000 | Average Loss:      nan | Accuracy: 56.25% (36/64) |
  Output Scores:
  - Confusion Matrix:
    -----------------------
    | TP:   36 | FP:   28 |
    -----------------------
    | FN:    0 | TN:    0 |
    -----------------------
  - Classification:
      TPR/Sensitivity: 1.0000
      TNR/Specificity: 0.0000
      Precision: 0.5625
      Recall: 1.0000
      F1-score: 0.7200
Epoch: 19  Current Best Test for f1-score: 0.72 at epoch 0
Epoch: 19  Current Best Test for accuracy: 0.5625 at epoch 0
  test:
  | time:    0.106s | LR: 0.001000 | Average Loss:      nan | Accuracy: 56.25% (36/64) |
  Output Scores:
  - Confusion Matrix:
    -----------------------
    | TP:   36 | FP:   28 |
    -----------------------
    | FN:    0 | TN:    0 |
    -----------------------
  - Classification:
      TPR/Sensitivity: 1.0000
      TNR/Specificity: 0.0000
      Precision: 0.5625
      Recall: 1.0000
      F1-score: 0.7200
Epoch: 20  Current Best Test for f1-score: 0.72 at epoch 0
Epoch: 20  Current Best Test for accuracy: 0.5625 at epoch 0
  test:
  | time:    0.097s | LR: 0.001000 | Average Loss:      nan | Accuracy: 56.25% (36/64) |
  Output Scores:
  - Confusion Matrix:
    -----------------------
    | TP:   36 | FP:   28 |
    -----------------------
    | FN:    0 | TN:    0 |
    -----------------------
  - Classification:
      TPR/Sensitivity: 1.0000
      TNR/Specificity: 0.0000
      Precision: 0.5625
      Recall: 1.0000
      F1-score: 0.7200
Epoch: 21  Current Best Test for f1-score: 0.72 at epoch 0
Epoch: 21  Current Best Test for accuracy: 0.5625 at epoch 0
  test:
  | time:    0.107s | LR: 0.001000 | Average Loss:      nan | Accuracy: 56.25% (36/64) |
  Output Scores:
  - Confusion Matrix:
    -----------------------
    | TP:   36 | FP:   28 |
    -----------------------
    | FN:    0 | TN:    0 |
    -----------------------
  - Classification:
      TPR/Sensitivity: 1.0000
      TNR/Specificity: 0.0000
      Precision: 0.5625
      Recall: 1.0000
      F1-score: 0.7200
Epoch: 22  Current Best Test for f1-score: 0.72 at epoch 0
Epoch: 22  Current Best Test for accuracy: 0.5625 at epoch 0
  test:
  | time:    0.098s | LR: 0.001000 | Average Loss:      nan | Accuracy: 56.25% (36/64) |
  Output Scores:
  - Confusion Matrix:
    -----------------------
    | TP:   36 | FP:   28 |
    -----------------------
    | FN:    0 | TN:    0 |
    -----------------------
  - Classification:
      TPR/Sensitivity: 1.0000
      TNR/Specificity: 0.0000
      Precision: 0.5625
      Recall: 1.0000
      F1-score: 0.7200
Epoch: 23  Current Best Test for f1-score: 0.72 at epoch 0
Epoch: 23  Current Best Test for accuracy: 0.5625 at epoch 0
  test:
  | time:    0.108s | LR: 0.001000 | Average Loss:      nan | Accuracy: 56.25% (36/64) |
  Output Scores:
  - Confusion Matrix:
    -----------------------
    | TP:   36 | FP:   28 |
    -----------------------
    | FN:    0 | TN:    0 |
    -----------------------
  - Classification:
      TPR/Sensitivity: 1.0000
      TNR/Specificity: 0.0000
      Precision: 0.5625
      Recall: 1.0000
      F1-score: 0.7200
Epoch: 24  Current Best Test for f1-score: 0.72 at epoch 0
Epoch: 24  Current Best Test for accuracy: 0.5625 at epoch 0
  test:
  | time:    0.095s | LR: 0.001000 | Average Loss:      nan | Accuracy: 56.25% (36/64) |
  Output Scores:
  - Confusion Matrix:
    -----------------------
    | TP:   36 | FP:   28 |
    -----------------------
    | FN:    0 | TN:    0 |
    -----------------------
  - Classification:
      TPR/Sensitivity: 1.0000
      TNR/Specificity: 0.0000
      Precision: 0.5625
      Recall: 1.0000
      F1-score: 0.7200
Epoch: 25  Current Best Test for f1-score: 0.72 at epoch 0
Epoch: 25  Current Best Test for accuracy: 0.5625 at epoch 0
  test:
  | time:    0.109s | LR: 0.001000 | Average Loss:      nan | Accuracy: 56.25% (36/64) |
  Output Scores:
  - Confusion Matrix:
    -----------------------
    | TP:   36 | FP:   28 |
    -----------------------
    | FN:    0 | TN:    0 |
    -----------------------
  - Classification:
      TPR/Sensitivity: 1.0000
      TNR/Specificity: 0.0000
      Precision: 0.5625
      Recall: 1.0000
      F1-score: 0.7200
Epoch: 26  Current Best Test for f1-score: 0.72 at epoch 0
Epoch: 26  Current Best Test for accuracy: 0.5625 at epoch 0
  test:
  | time:    0.100s | LR: 0.001000 | Average Loss:      nan | Accuracy: 56.25% (36/64) |
  Output Scores:
  - Confusion Matrix:
    -----------------------
    | TP:   36 | FP:   28 |
    -----------------------
    | FN:    0 | TN:    0 |
    -----------------------
  - Classification:
      TPR/Sensitivity: 1.0000
      TNR/Specificity: 0.0000
      Precision: 0.5625
      Recall: 1.0000
      F1-score: 0.7200
Epoch: 27  Current Best Test for f1-score: 0.72 at epoch 0
Epoch: 27  Current Best Test for accuracy: 0.5625 at epoch 0
  test:
  | time:    0.109s | LR: 0.001000 | Average Loss:      nan | Accuracy: 56.25% (36/64) |
  Output Scores:
  - Confusion Matrix:
    -----------------------
    | TP:   36 | FP:   28 |
    -----------------------
    | FN:    0 | TN:    0 |
    -----------------------
  - Classification:
      TPR/Sensitivity: 1.0000
      TNR/Specificity: 0.0000
      Precision: 0.5625
      Recall: 1.0000
      F1-score: 0.7200
Epoch: 28  Current Best Test for f1-score: 0.72 at epoch 0
Epoch: 28  Current Best Test for accuracy: 0.5625 at epoch 0
  test:
  | time:    0.094s | LR: 0.001000 | Average Loss:      nan | Accuracy: 56.25% (36/64) |
  Output Scores:
  - Confusion Matrix:
    -----------------------
    | TP:   36 | FP:   28 |
    -----------------------
    | FN:    0 | TN:    0 |
    -----------------------
  - Classification:
      TPR/Sensitivity: 1.0000
      TNR/Specificity: 0.0000
      Precision: 0.5625
      Recall: 1.0000
      F1-score: 0.7200
Epoch: 29  Current Best Test for f1-score: 0.72 at epoch 0
Epoch: 29  Current Best Test for accuracy: 0.5625 at epoch 0
  test:
  | time:    0.104s | LR: 0.001000 | Average Loss:      nan | Accuracy: 56.25% (36/64) |
  Output Scores:
  - Confusion Matrix:
    -----------------------
    | TP:   36 | FP:   28 |
    -----------------------
    | FN:    0 | TN:    0 |
    -----------------------
  - Classification:
      TPR/Sensitivity: 1.0000
      TNR/Specificity: 0.0000
      Precision: 0.5625
      Recall: 1.0000
      F1-score: 0.7200
Epoch: 30  Current Best Test for f1-score: 0.72 at epoch 0
Epoch: 30  Current Best Test for accuracy: 0.5625 at epoch 0
  test:
  | time:    0.095s | LR: 0.001000 | Average Loss:      nan | Accuracy: 56.25% (36/64) |
  Output Scores:
  - Confusion Matrix:
    -----------------------
    | TP:   36 | FP:   28 |
    -----------------------
    | FN:    0 | TN:    0 |
    -----------------------
  - Classification:
      TPR/Sensitivity: 1.0000
      TNR/Specificity: 0.0000
      Precision: 0.5625
      Recall: 1.0000
      F1-score: 0.7200
Epoch: 31  Current Best Test for f1-score: 0.72 at epoch 0
Epoch: 31  Current Best Test for accuracy: 0.5625 at epoch 0
  test:
  | time:    0.109s | LR: 0.001000 | Average Loss:      nan | Accuracy: 56.25% (36/64) |
  Output Scores:
  - Confusion Matrix:
    -----------------------
    | TP:   36 | FP:   28 |
    -----------------------
    | FN:    0 | TN:    0 |
    -----------------------
  - Classification:
      TPR/Sensitivity: 1.0000
      TNR/Specificity: 0.0000
      Precision: 0.5625
      Recall: 1.0000
      F1-score: 0.7200
Epoch: 32  Current Best Test for f1-score: 0.72 at epoch 0
Epoch: 32  Current Best Test for accuracy: 0.5625 at epoch 0
  test:
  | time:    0.095s | LR: 0.001000 | Average Loss:      nan | Accuracy: 56.25% (36/64) |
  Output Scores:
  - Confusion Matrix:
    -----------------------
    | TP:   36 | FP:   28 |
    -----------------------
    | FN:    0 | TN:    0 |
    -----------------------
  - Classification:
      TPR/Sensitivity: 1.0000
      TNR/Specificity: 0.0000
      Precision: 0.5625
      Recall: 1.0000
      F1-score: 0.7200
Epoch: 33  Current Best Test for f1-score: 0.72 at epoch 0
Epoch: 33  Current Best Test for accuracy: 0.5625 at epoch 0
  test:
  | time:    0.110s | LR: 0.001000 | Average Loss:      nan | Accuracy: 56.25% (36/64) |
  Output Scores:
  - Confusion Matrix:
    -----------------------
    | TP:   36 | FP:   28 |
    -----------------------
    | FN:    0 | TN:    0 |
    -----------------------
  - Classification:
      TPR/Sensitivity: 1.0000
      TNR/Specificity: 0.0000
      Precision: 0.5625
      Recall: 1.0000
      F1-score: 0.7200
Epoch: 34  Current Best Test for f1-score: 0.72 at epoch 0
Epoch: 34  Current Best Test for accuracy: 0.5625 at epoch 0
  test:
  | time:    0.094s | LR: 0.001000 | Average Loss:      nan | Accuracy: 56.25% (36/64) |
  Output Scores:
  - Confusion Matrix:
    -----------------------
    | TP:   36 | FP:   28 |
    -----------------------
    | FN:    0 | TN:    0 |
    -----------------------
  - Classification:
      TPR/Sensitivity: 1.0000
      TNR/Specificity: 0.0000
      Precision: 0.5625
      Recall: 1.0000
      F1-score: 0.7200
Epoch: 35  Current Best Test for f1-score: 0.72 at epoch 0
Epoch: 35  Current Best Test for accuracy: 0.5625 at epoch 0
  test:
  | time:    0.104s | LR: 0.001000 | Average Loss:      nan | Accuracy: 56.25% (36/64) |
  Output Scores:
  - Confusion Matrix:
    -----------------------
    | TP:   36 | FP:   28 |
    -----------------------
    | FN:    0 | TN:    0 |
    -----------------------
  - Classification:
      TPR/Sensitivity: 1.0000
      TNR/Specificity: 0.0000
      Precision: 0.5625
      Recall: 1.0000
      F1-score: 0.7200
Epoch: 36  Current Best Test for f1-score: 0.72 at epoch 0
Epoch: 36  Current Best Test for accuracy: 0.5625 at epoch 0
  test:
  | time:    0.094s | LR: 0.001000 | Average Loss:      nan | Accuracy: 56.25% (36/64) |
  Output Scores:
  - Confusion Matrix:
    -----------------------
    | TP:   36 | FP:   28 |
    -----------------------
    | FN:    0 | TN:    0 |
    -----------------------
  - Classification:
      TPR/Sensitivity: 1.0000
      TNR/Specificity: 0.0000
      Precision: 0.5625
      Recall: 1.0000
      F1-score: 0.7200
Epoch: 37  Current Best Test for f1-score: 0.72 at epoch 0
Epoch: 37  Current Best Test for accuracy: 0.5625 at epoch 0
  test:
  | time:    0.113s | LR: 0.001000 | Average Loss:      nan | Accuracy: 56.25% (36/64) |
  Output Scores:
  - Confusion Matrix:
    -----------------------
    | TP:   36 | FP:   28 |
    -----------------------
    | FN:    0 | TN:    0 |
    -----------------------
  - Classification:
      TPR/Sensitivity: 1.0000
      TNR/Specificity: 0.0000
      Precision: 0.5625
      Recall: 1.0000
      F1-score: 0.7200
Epoch: 38  Current Best Test for f1-score: 0.72 at epoch 0
Epoch: 38  Current Best Test for accuracy: 0.5625 at epoch 0
  test:
  | time:    0.095s | LR: 0.001000 | Average Loss:      nan | Accuracy: 56.25% (36/64) |
  Output Scores:
  - Confusion Matrix:
    -----------------------
    | TP:   36 | FP:   28 |
    -----------------------
    | FN:    0 | TN:    0 |
    -----------------------
  - Classification:
      TPR/Sensitivity: 1.0000
      TNR/Specificity: 0.0000
      Precision: 0.5625
      Recall: 1.0000
      F1-score: 0.7200
Epoch: 39  Current Best Test for f1-score: 0.72 at epoch 0
Epoch: 39  Current Best Test for accuracy: 0.5625 at epoch 0
  test:
  | time:    0.102s | LR: 0.001000 | Average Loss:      nan | Accuracy: 56.25% (36/64) |
  Output Scores:
  - Confusion Matrix:
    -----------------------
    | TP:   36 | FP:   28 |
    -----------------------
    | FN:    0 | TN:    0 |
    -----------------------
  - Classification:
      TPR/Sensitivity: 1.0000
      TNR/Specificity: 0.0000
      Precision: 0.5625
      Recall: 1.0000
      F1-score: 0.7200
Epoch: 40  Current Best Test for f1-score: 0.72 at epoch 0
Epoch: 40  Current Best Test for accuracy: 0.5625 at epoch 0
  test:
  | time:    0.093s | LR: 0.001000 | Average Loss:      nan | Accuracy: 56.25% (36/64) |
  Output Scores:
  - Confusion Matrix:
    -----------------------
    | TP:   36 | FP:   28 |
    -----------------------
    | FN:    0 | TN:    0 |
    -----------------------
  - Classification:
      TPR/Sensitivity: 1.0000
      TNR/Specificity: 0.0000
      Precision: 0.5625
      Recall: 1.0000
      F1-score: 0.7200
Epoch: 41  Current Best Test for f1-score: 0.72 at epoch 0
Epoch: 41  Current Best Test for accuracy: 0.5625 at epoch 0
  test:
  | time:    0.108s | LR: 0.001000 | Average Loss:      nan | Accuracy: 56.25% (36/64) |
  Output Scores:
  - Confusion Matrix:
    -----------------------
    | TP:   36 | FP:   28 |
    -----------------------
    | FN:    0 | TN:    0 |
    -----------------------
  - Classification:
      TPR/Sensitivity: 1.0000
      TNR/Specificity: 0.0000
      Precision: 0.5625
      Recall: 1.0000
      F1-score: 0.7200
Epoch: 42  Current Best Test for f1-score: 0.72 at epoch 0
Epoch: 42  Current Best Test for accuracy: 0.5625 at epoch 0
  test:
  | time:    0.094s | LR: 0.001000 | Average Loss:      nan | Accuracy: 56.25% (36/64) |
  Output Scores:
  - Confusion Matrix:
    -----------------------
    | TP:   36 | FP:   28 |
    -----------------------
    | FN:    0 | TN:    0 |
    -----------------------
  - Classification:
      TPR/Sensitivity: 1.0000
      TNR/Specificity: 0.0000
      Precision: 0.5625
      Recall: 1.0000
      F1-score: 0.7200
Epoch: 43  Current Best Test for f1-score: 0.72 at epoch 0
Epoch: 43  Current Best Test for accuracy: 0.5625 at epoch 0
  test:
  | time:    0.108s | LR: 0.001000 | Average Loss:      nan | Accuracy: 56.25% (36/64) |
  Output Scores:
  - Confusion Matrix:
    -----------------------
    | TP:   36 | FP:   28 |
    -----------------------
    | FN:    0 | TN:    0 |
    -----------------------
  - Classification:
      TPR/Sensitivity: 1.0000
      TNR/Specificity: 0.0000
      Precision: 0.5625
      Recall: 1.0000
      F1-score: 0.7200
Epoch: 44  Current Best Test for f1-score: 0.72 at epoch 0
Epoch: 44  Current Best Test for accuracy: 0.5625 at epoch 0
  test:
  | time:    0.098s | LR: 0.001000 | Average Loss:      nan | Accuracy: 56.25% (36/64) |
  Output Scores:
  - Confusion Matrix:
    -----------------------
    | TP:   36 | FP:   28 |
    -----------------------
    | FN:    0 | TN:    0 |
    -----------------------
  - Classification:
      TPR/Sensitivity: 1.0000
      TNR/Specificity: 0.0000
      Precision: 0.5625
      Recall: 1.0000
      F1-score: 0.7200
Epoch: 45  Current Best Test for f1-score: 0.72 at epoch 0
Epoch: 45  Current Best Test for accuracy: 0.5625 at epoch 0
  test:
  | time:    0.108s | LR: 0.001000 | Average Loss:      nan | Accuracy: 56.25% (36/64) |
  Output Scores:
  - Confusion Matrix:
    -----------------------
    | TP:   36 | FP:   28 |
    -----------------------
    | FN:    0 | TN:    0 |
    -----------------------
  - Classification:
      TPR/Sensitivity: 1.0000
      TNR/Specificity: 0.0000
      Precision: 0.5625
      Recall: 1.0000
      F1-score: 0.7200
Epoch: 46  Current Best Test for f1-score: 0.72 at epoch 0
Epoch: 46  Current Best Test for accuracy: 0.5625 at epoch 0
  test:
  | time:    0.092s | LR: 0.001000 | Average Loss:      nan | Accuracy: 56.25% (36/64) |
  Output Scores:
  - Confusion Matrix:
    -----------------------
    | TP:   36 | FP:   28 |
    -----------------------
    | FN:    0 | TN:    0 |
    -----------------------
  - Classification:
      TPR/Sensitivity: 1.0000
      TNR/Specificity: 0.0000
      Precision: 0.5625
      Recall: 1.0000
      F1-score: 0.7200
Epoch: 47  Current Best Test for f1-score: 0.72 at epoch 0
Epoch: 47  Current Best Test for accuracy: 0.5625 at epoch 0
  test:
  | time:    0.106s | LR: 0.001000 | Average Loss:      nan | Accuracy: 56.25% (36/64) |
  Output Scores:
  - Confusion Matrix:
    -----------------------
    | TP:   36 | FP:   28 |
    -----------------------
    | FN:    0 | TN:    0 |
    -----------------------
  - Classification:
      TPR/Sensitivity: 1.0000
      TNR/Specificity: 0.0000
      Precision: 0.5625
      Recall: 1.0000
      F1-score: 0.7200
Epoch: 48  Current Best Test for f1-score: 0.72 at epoch 0
Epoch: 48  Current Best Test for accuracy: 0.5625 at epoch 0
  test:
  | time:    0.092s | LR: 0.001000 | Average Loss:      nan | Accuracy: 56.25% (36/64) |
  Output Scores:
  - Confusion Matrix:
    -----------------------
    | TP:   36 | FP:   28 |
    -----------------------
    | FN:    0 | TN:    0 |
    -----------------------
  - Classification:
      TPR/Sensitivity: 1.0000
      TNR/Specificity: 0.0000
      Precision: 0.5625
      Recall: 1.0000
      F1-score: 0.7200
Epoch: 49  Current Best Test for f1-score: 0.72 at epoch 0
Epoch: 49  Current Best Test for accuracy: 0.5625 at epoch 0
  test:
  | time:    0.105s | LR: 0.001000 | Average Loss:      nan | Accuracy: 56.25% (36/64) |
  Output Scores:
  - Confusion Matrix:
    -----------------------
    | TP:   36 | FP:   28 |
    -----------------------
    | FN:    0 | TN:    0 |
    -----------------------
  - Classification:
      TPR/Sensitivity: 1.0000
      TNR/Specificity: 0.0000
      Precision: 0.5625
      Recall: 1.0000
      F1-score: 0.7200
Epoch: 50  Current Best Test for f1-score: 0.72 at epoch 0
Epoch: 50  Current Best Test for accuracy: 0.5625 at epoch 0
  test:
  | time:    0.091s | LR: 0.001000 | Average Loss:      nan | Accuracy: 56.25% (36/64) |
  Output Scores:
  - Confusion Matrix:
    -----------------------
    | TP:   36 | FP:   28 |
    -----------------------
    | FN:    0 | TN:    0 |
    -----------------------
  - Classification:
      TPR/Sensitivity: 1.0000
      TNR/Specificity: 0.0000
      Precision: 0.5625
      Recall: 1.0000
      F1-score: 0.7200
Epoch: 51  Current Best Test for f1-score: 0.72 at epoch 0
Epoch: 51  Current Best Test for accuracy: 0.5625 at epoch 0
  test:
  | time:    0.106s | LR: 0.001000 | Average Loss:      nan | Accuracy: 56.25% (36/64) |
  Output Scores:
  - Confusion Matrix:
    -----------------------
    | TP:   36 | FP:   28 |
    -----------------------
    | FN:    0 | TN:    0 |
    -----------------------
  - Classification:
      TPR/Sensitivity: 1.0000
      TNR/Specificity: 0.0000
      Precision: 0.5625
      Recall: 1.0000
      F1-score: 0.7200
Epoch: 52  Current Best Test for f1-score: 0.72 at epoch 0
Epoch: 52  Current Best Test for accuracy: 0.5625 at epoch 0
  test:
  | time:    0.098s | LR: 0.001000 | Average Loss:      nan | Accuracy: 56.25% (36/64) |
  Output Scores:
  - Confusion Matrix:
    -----------------------
    | TP:   36 | FP:   28 |
    -----------------------
    | FN:    0 | TN:    0 |
    -----------------------
  - Classification:
      TPR/Sensitivity: 1.0000
      TNR/Specificity: 0.0000
      Precision: 0.5625
      Recall: 1.0000
      F1-score: 0.7200
Epoch: 53  Current Best Test for f1-score: 0.72 at epoch 0
Epoch: 53  Current Best Test for accuracy: 0.5625 at epoch 0
  test:
  | time:    0.108s | LR: 0.001000 | Average Loss:      nan | Accuracy: 56.25% (36/64) |
  Output Scores:
  - Confusion Matrix:
    -----------------------
    | TP:   36 | FP:   28 |
    -----------------------
    | FN:    0 | TN:    0 |
    -----------------------
  - Classification:
      TPR/Sensitivity: 1.0000
      TNR/Specificity: 0.0000
      Precision: 0.5625
      Recall: 1.0000
      F1-score: 0.7200
Epoch: 54  Current Best Test for f1-score: 0.72 at epoch 0
Epoch: 54  Current Best Test for accuracy: 0.5625 at epoch 0
  test:
  | time:    0.096s | LR: 0.001000 | Average Loss:      nan | Accuracy: 56.25% (36/64) |
  Output Scores:
  - Confusion Matrix:
    -----------------------
    | TP:   36 | FP:   28 |
    -----------------------
    | FN:    0 | TN:    0 |
    -----------------------
  - Classification:
      TPR/Sensitivity: 1.0000
      TNR/Specificity: 0.0000
      Precision: 0.5625
      Recall: 1.0000
      F1-score: 0.7200
Epoch: 55  Current Best Test for f1-score: 0.72 at epoch 0
Epoch: 55  Current Best Test for accuracy: 0.5625 at epoch 0
  test:
  | time:    0.104s | LR: 0.001000 | Average Loss:      nan | Accuracy: 56.25% (36/64) |
  Output Scores:
  - Confusion Matrix:
    -----------------------
    | TP:   36 | FP:   28 |
    -----------------------
    | FN:    0 | TN:    0 |
    -----------------------
  - Classification:
      TPR/Sensitivity: 1.0000
      TNR/Specificity: 0.0000
      Precision: 0.5625
      Recall: 1.0000
      F1-score: 0.7200
Epoch: 56  Current Best Test for f1-score: 0.72 at epoch 0
Epoch: 56  Current Best Test for accuracy: 0.5625 at epoch 0
  test:
  | time:    0.091s | LR: 0.001000 | Average Loss:      nan | Accuracy: 56.25% (36/64) |
  Output Scores:
  - Confusion Matrix:
    -----------------------
    | TP:   36 | FP:   28 |
    -----------------------
    | FN:    0 | TN:    0 |
    -----------------------
  - Classification:
      TPR/Sensitivity: 1.0000
      TNR/Specificity: 0.0000
      Precision: 0.5625
      Recall: 1.0000
      F1-score: 0.7200
Epoch: 57  Current Best Test for f1-score: 0.72 at epoch 0
Epoch: 57  Current Best Test for accuracy: 0.5625 at epoch 0
  test:
  | time:    0.110s | LR: 0.001000 | Average Loss:      nan | Accuracy: 56.25% (36/64) |
  Output Scores:
  - Confusion Matrix:
    -----------------------
    | TP:   36 | FP:   28 |
    -----------------------
    | FN:    0 | TN:    0 |
    -----------------------
  - Classification:
      TPR/Sensitivity: 1.0000
      TNR/Specificity: 0.0000
      Precision: 0.5625
      Recall: 1.0000
      F1-score: 0.7200
Epoch: 58  Current Best Test for f1-score: 0.72 at epoch 0
Epoch: 58  Current Best Test for accuracy: 0.5625 at epoch 0
  test:
  | time:    0.098s | LR: 0.001000 | Average Loss:      nan | Accuracy: 56.25% (36/64) |
  Output Scores:
  - Confusion Matrix:
    -----------------------
    | TP:   36 | FP:   28 |
    -----------------------
    | FN:    0 | TN:    0 |
    -----------------------
  - Classification:
      TPR/Sensitivity: 1.0000
      TNR/Specificity: 0.0000
      Precision: 0.5625
      Recall: 1.0000
      F1-score: 0.7200
Epoch: 59  Current Best Test for f1-score: 0.72 at epoch 0
Epoch: 59  Current Best Test for accuracy: 0.5625 at epoch 0
  test:
  | time:    0.092s | LR: 0.001000 | Average Loss:      nan | Accuracy: 56.25% (36/64) |
  Output Scores:
  - Confusion Matrix:
    -----------------------
    | TP:   36 | FP:   28 |
    -----------------------
    | FN:    0 | TN:    0 |
    -----------------------
  - Classification:
      TPR/Sensitivity: 1.0000
      TNR/Specificity: 0.0000
      Precision: 0.5625
      Recall: 1.0000
      F1-score: 0.7200
Epoch: 60  Current Best Test for f1-score: 0.72 at epoch 0
Epoch: 60  Current Best Test for accuracy: 0.5625 at epoch 0
  test:
  | time:    0.105s | LR: 0.001000 | Average Loss:      nan | Accuracy: 56.25% (36/64) |
  Output Scores:
  - Confusion Matrix:
    -----------------------
    | TP:   36 | FP:   28 |
    -----------------------
    | FN:    0 | TN:    0 |
    -----------------------
  - Classification:
      TPR/Sensitivity: 1.0000
      TNR/Specificity: 0.0000
      Precision: 0.5625
      Recall: 1.0000
      F1-score: 0.7200
Epoch: 61  Current Best Test for f1-score: 0.72 at epoch 0
Epoch: 61  Current Best Test for accuracy: 0.5625 at epoch 0
  test:
  | time:    0.096s | LR: 0.001000 | Average Loss:      nan | Accuracy: 56.25% (36/64) |
  Output Scores:
  - Confusion Matrix:
    -----------------------
    | TP:   36 | FP:   28 |
    -----------------------
    | FN:    0 | TN:    0 |
    -----------------------
  - Classification:
      TPR/Sensitivity: 1.0000
      TNR/Specificity: 0.0000
      Precision: 0.5625
      Recall: 1.0000
      F1-score: 0.7200
Epoch: 62  Current Best Test for f1-score: 0.72 at epoch 0
Epoch: 62  Current Best Test for accuracy: 0.5625 at epoch 0
  test:
  | time:    0.105s | LR: 0.001000 | Average Loss:      nan | Accuracy: 56.25% (36/64) |
  Output Scores:
  - Confusion Matrix:
    -----------------------
    | TP:   36 | FP:   28 |
    -----------------------
    | FN:    0 | TN:    0 |
    -----------------------
  - Classification:
      TPR/Sensitivity: 1.0000
      TNR/Specificity: 0.0000
      Precision: 0.5625
      Recall: 1.0000
      F1-score: 0.7200
Epoch: 63  Current Best Test for f1-score: 0.72 at epoch 0
Epoch: 63  Current Best Test for accuracy: 0.5625 at epoch 0
  test:
  | time:    0.092s | LR: 0.001000 | Average Loss:      nan | Accuracy: 56.25% (36/64) |
  Output Scores:
  - Confusion Matrix:
    -----------------------
    | TP:   36 | FP:   28 |
    -----------------------
    | FN:    0 | TN:    0 |
    -----------------------
  - Classification:
      TPR/Sensitivity: 1.0000
      TNR/Specificity: 0.0000
      Precision: 0.5625
      Recall: 1.0000
      F1-score: 0.7200
Epoch: 64  Current Best Test for f1-score: 0.72 at epoch 0
Epoch: 64  Current Best Test for accuracy: 0.5625 at epoch 0
  test:
  | time:    0.103s | LR: 0.001000 | Average Loss:      nan | Accuracy: 56.25% (36/64) |
  Output Scores:
  - Confusion Matrix:
    -----------------------
    | TP:   36 | FP:   28 |
    -----------------------
    | FN:    0 | TN:    0 |
    -----------------------
  - Classification:
      TPR/Sensitivity: 1.0000
      TNR/Specificity: 0.0000
      Precision: 0.5625
      Recall: 1.0000
      F1-score: 0.7200
Epoch: 65  Current Best Test for f1-score: 0.72 at epoch 0
Epoch: 65  Current Best Test for accuracy: 0.5625 at epoch 0
  test:
  | time:    0.094s | LR: 0.001000 | Average Loss:      nan | Accuracy: 56.25% (36/64) |
  Output Scores:
  - Confusion Matrix:
    -----------------------
    | TP:   36 | FP:   28 |
    -----------------------
    | FN:    0 | TN:    0 |
    -----------------------
  - Classification:
      TPR/Sensitivity: 1.0000
      TNR/Specificity: 0.0000
      Precision: 0.5625
      Recall: 1.0000
      F1-score: 0.7200
Epoch: 66  Current Best Test for f1-score: 0.72 at epoch 0
Epoch: 66  Current Best Test for accuracy: 0.5625 at epoch 0
  test:
  | time:    0.142s | LR: 0.001000 | Average Loss:      nan | Accuracy: 56.25% (36/64) |
  Output Scores:
  - Confusion Matrix:
    -----------------------
    | TP:   36 | FP:   28 |
    -----------------------
    | FN:    0 | TN:    0 |
    -----------------------
  - Classification:
      TPR/Sensitivity: 1.0000
      TNR/Specificity: 0.0000
      Precision: 0.5625
      Recall: 1.0000
      F1-score: 0.7200
Epoch: 67  Current Best Test for f1-score: 0.72 at epoch 0
Epoch: 67  Current Best Test for accuracy: 0.5625 at epoch 0
  test:
  | time:    0.096s | LR: 0.001000 | Average Loss:      nan | Accuracy: 56.25% (36/64) |
  Output Scores:
  - Confusion Matrix:
    -----------------------
    | TP:   36 | FP:   28 |
    -----------------------
    | FN:    0 | TN:    0 |
    -----------------------
  - Classification:
      TPR/Sensitivity: 1.0000
      TNR/Specificity: 0.0000
      Precision: 0.5625
      Recall: 1.0000
      F1-score: 0.7200
Epoch: 68  Current Best Test for f1-score: 0.72 at epoch 0
Epoch: 68  Current Best Test for accuracy: 0.5625 at epoch 0
  test:
  | time:    0.094s | LR: 0.001000 | Average Loss:      nan | Accuracy: 56.25% (36/64) |
  Output Scores:
  - Confusion Matrix:
    -----------------------
    | TP:   36 | FP:   28 |
    -----------------------
    | FN:    0 | TN:    0 |
    -----------------------
  - Classification:
      TPR/Sensitivity: 1.0000
      TNR/Specificity: 0.0000
      Precision: 0.5625
      Recall: 1.0000
      F1-score: 0.7200
Epoch: 69  Current Best Test for f1-score: 0.72 at epoch 0
Epoch: 69  Current Best Test for accuracy: 0.5625 at epoch 0
  test:
  | time:    0.102s | LR: 0.001000 | Average Loss:      nan | Accuracy: 56.25% (36/64) |
  Output Scores:
  - Confusion Matrix:
    -----------------------
    | TP:   36 | FP:   28 |
    -----------------------
    | FN:    0 | TN:    0 |
    -----------------------
  - Classification:
      TPR/Sensitivity: 1.0000
      TNR/Specificity: 0.0000
      Precision: 0.5625
      Recall: 1.0000
      F1-score: 0.7200
Epoch: 70  Current Best Test for f1-score: 0.72 at epoch 0
Epoch: 70  Current Best Test for accuracy: 0.5625 at epoch 0
  test:
  | time:    0.102s | LR: 0.001000 | Average Loss:      nan | Accuracy: 56.25% (36/64) |
  Output Scores:
  - Confusion Matrix:
    -----------------------
    | TP:   36 | FP:   28 |
    -----------------------
    | FN:    0 | TN:    0 |
    -----------------------
  - Classification:
      TPR/Sensitivity: 1.0000
      TNR/Specificity: 0.0000
      Precision: 0.5625
      Recall: 1.0000
      F1-score: 0.7200
Epoch: 71  Current Best Test for f1-score: 0.72 at epoch 0
Epoch: 71  Current Best Test for accuracy: 0.5625 at epoch 0
  test:
  | time:    0.107s | LR: 0.001000 | Average Loss:      nan | Accuracy: 56.25% (36/64) |
  Output Scores:
  - Confusion Matrix:
    -----------------------
    | TP:   36 | FP:   28 |
    -----------------------
    | FN:    0 | TN:    0 |
    -----------------------
  - Classification:
      TPR/Sensitivity: 1.0000
      TNR/Specificity: 0.0000
      Precision: 0.5625
      Recall: 1.0000
      F1-score: 0.7200
Epoch: 72  Current Best Test for f1-score: 0.72 at epoch 0
Epoch: 72  Current Best Test for accuracy: 0.5625 at epoch 0
  test:
  | time:    0.092s | LR: 0.001000 | Average Loss:      nan | Accuracy: 56.25% (36/64) |
  Output Scores:
  - Confusion Matrix:
    -----------------------
    | TP:   36 | FP:   28 |
    -----------------------
    | FN:    0 | TN:    0 |
    -----------------------
  - Classification:
      TPR/Sensitivity: 1.0000
      TNR/Specificity: 0.0000
      Precision: 0.5625
      Recall: 1.0000
      F1-score: 0.7200
Epoch: 73  Current Best Test for f1-score: 0.72 at epoch 0
Epoch: 73  Current Best Test for accuracy: 0.5625 at epoch 0
  test:
  | time:    0.089s | LR: 0.001000 | Average Loss:      nan | Accuracy: 56.25% (36/64) |
  Output Scores:
  - Confusion Matrix:
    -----------------------
    | TP:   36 | FP:   28 |
    -----------------------
    | FN:    0 | TN:    0 |
    -----------------------
  - Classification:
      TPR/Sensitivity: 1.0000
      TNR/Specificity: 0.0000
      Precision: 0.5625
      Recall: 1.0000
      F1-score: 0.7200
Epoch: 74  Current Best Test for f1-score: 0.72 at epoch 0
Epoch: 74  Current Best Test for accuracy: 0.5625 at epoch 0
  test:
  | time:    0.108s | LR: 0.001000 | Average Loss:      nan | Accuracy: 56.25% (36/64) |
  Output Scores:
  - Confusion Matrix:
    -----------------------
    | TP:   36 | FP:   28 |
    -----------------------
    | FN:    0 | TN:    0 |
    -----------------------
  - Classification:
      TPR/Sensitivity: 1.0000
      TNR/Specificity: 0.0000
      Precision: 0.5625
      Recall: 1.0000
      F1-score: 0.7200
Epoch: 75  Current Best Test for f1-score: 0.72 at epoch 0
Epoch: 75  Current Best Test for accuracy: 0.5625 at epoch 0
  test:
  | time:    0.099s | LR: 0.001000 | Average Loss:      nan | Accuracy: 56.25% (36/64) |
  Output Scores:
  - Confusion Matrix:
    -----------------------
    | TP:   36 | FP:   28 |
    -----------------------
    | FN:    0 | TN:    0 |
    -----------------------
  - Classification:
      TPR/Sensitivity: 1.0000
      TNR/Specificity: 0.0000
      Precision: 0.5625
      Recall: 1.0000
      F1-score: 0.7200
Epoch: 76  Current Best Test for f1-score: 0.72 at epoch 0
Epoch: 76  Current Best Test for accuracy: 0.5625 at epoch 0
  test:
  | time:    0.103s | LR: 0.001000 | Average Loss:      nan | Accuracy: 56.25% (36/64) |
  Output Scores:
  - Confusion Matrix:
    -----------------------
    | TP:   36 | FP:   28 |
    -----------------------
    | FN:    0 | TN:    0 |
    -----------------------
  - Classification:
      TPR/Sensitivity: 1.0000
      TNR/Specificity: 0.0000
      Precision: 0.5625
      Recall: 1.0000
      F1-score: 0.7200
Epoch: 77  Current Best Test for f1-score: 0.72 at epoch 0
Epoch: 77  Current Best Test for accuracy: 0.5625 at epoch 0
  test:
  | time:    0.090s | LR: 0.001000 | Average Loss:      nan | Accuracy: 56.25% (36/64) |
  Output Scores:
  - Confusion Matrix:
    -----------------------
    | TP:   36 | FP:   28 |
    -----------------------
    | FN:    0 | TN:    0 |
    -----------------------
  - Classification:
      TPR/Sensitivity: 1.0000
      TNR/Specificity: 0.0000
      Precision: 0.5625
      Recall: 1.0000
      F1-score: 0.7200
Epoch: 78  Current Best Test for f1-score: 0.72 at epoch 0
Epoch: 78  Current Best Test for accuracy: 0.5625 at epoch 0
  test:
  | time:    0.106s | LR: 0.001000 | Average Loss:      nan | Accuracy: 56.25% (36/64) |
  Output Scores:
  - Confusion Matrix:
    -----------------------
    | TP:   36 | FP:   28 |
    -----------------------
    | FN:    0 | TN:    0 |
    -----------------------
  - Classification:
      TPR/Sensitivity: 1.0000
      TNR/Specificity: 0.0000
      Precision: 0.5625
      Recall: 1.0000
      F1-score: 0.7200
Epoch: 79  Current Best Test for f1-score: 0.72 at epoch 0
Epoch: 79  Current Best Test for accuracy: 0.5625 at epoch 0
  test:
  | time:    0.094s | LR: 0.001000 | Average Loss:      nan | Accuracy: 56.25% (36/64) |
  Output Scores:
  - Confusion Matrix:
    -----------------------
    | TP:   36 | FP:   28 |
    -----------------------
    | FN:    0 | TN:    0 |
    -----------------------
  - Classification:
      TPR/Sensitivity: 1.0000
      TNR/Specificity: 0.0000
      Precision: 0.5625
      Recall: 1.0000
      F1-score: 0.7200
Epoch: 80  Current Best Test for f1-score: 0.72 at epoch 0
Epoch: 80  Current Best Test for accuracy: 0.5625 at epoch 0
  test:
  | time:    0.103s | LR: 0.001000 | Average Loss:      nan | Accuracy: 56.25% (36/64) |
  Output Scores:
  - Confusion Matrix:
    -----------------------
    | TP:   36 | FP:   28 |
    -----------------------
    | FN:    0 | TN:    0 |
    -----------------------
  - Classification:
      TPR/Sensitivity: 1.0000
      TNR/Specificity: 0.0000
      Precision: 0.5625
      Recall: 1.0000
      F1-score: 0.7200
Epoch: 81  Current Best Test for f1-score: 0.72 at epoch 0
Epoch: 81  Current Best Test for accuracy: 0.5625 at epoch 0
  test:
  | time:    0.095s | LR: 0.001000 | Average Loss:      nan | Accuracy: 56.25% (36/64) |
  Output Scores:
  - Confusion Matrix:
    -----------------------
    | TP:   36 | FP:   28 |
    -----------------------
    | FN:    0 | TN:    0 |
    -----------------------
  - Classification:
      TPR/Sensitivity: 1.0000
      TNR/Specificity: 0.0000
      Precision: 0.5625
      Recall: 1.0000
      F1-score: 0.7200
Epoch: 82  Current Best Test for f1-score: 0.72 at epoch 0
Epoch: 82  Current Best Test for accuracy: 0.5625 at epoch 0
  test:
  | time:    0.104s | LR: 0.001000 | Average Loss:      nan | Accuracy: 56.25% (36/64) |
  Output Scores:
  - Confusion Matrix:
    -----------------------
    | TP:   36 | FP:   28 |
    -----------------------
    | FN:    0 | TN:    0 |
    -----------------------
  - Classification:
      TPR/Sensitivity: 1.0000
      TNR/Specificity: 0.0000
      Precision: 0.5625
      Recall: 1.0000
      F1-score: 0.7200
Epoch: 83  Current Best Test for f1-score: 0.72 at epoch 0
Epoch: 83  Current Best Test for accuracy: 0.5625 at epoch 0
  test:
  | time:    0.102s | LR: 0.001000 | Average Loss:      nan | Accuracy: 56.25% (36/64) |
  Output Scores:
  - Confusion Matrix:
    -----------------------
    | TP:   36 | FP:   28 |
    -----------------------
    | FN:    0 | TN:    0 |
    -----------------------
  - Classification:
      TPR/Sensitivity: 1.0000
      TNR/Specificity: 0.0000
      Precision: 0.5625
      Recall: 1.0000
      F1-score: 0.7200
Epoch: 84  Current Best Test for f1-score: 0.72 at epoch 0
Epoch: 84  Current Best Test for accuracy: 0.5625 at epoch 0
  test:
  | time:    0.103s | LR: 0.001000 | Average Loss:      nan | Accuracy: 56.25% (36/64) |
  Output Scores:
  - Confusion Matrix:
    -----------------------
    | TP:   36 | FP:   28 |
    -----------------------
    | FN:    0 | TN:    0 |
    -----------------------
  - Classification:
      TPR/Sensitivity: 1.0000
      TNR/Specificity: 0.0000
      Precision: 0.5625
      Recall: 1.0000
      F1-score: 0.7200
Epoch: 85  Current Best Test for f1-score: 0.72 at epoch 0
Epoch: 85  Current Best Test for accuracy: 0.5625 at epoch 0
  test:
  | time:    0.093s | LR: 0.001000 | Average Loss:      nan | Accuracy: 56.25% (36/64) |
  Output Scores:
  - Confusion Matrix:
    -----------------------
    | TP:   36 | FP:   28 |
    -----------------------
    | FN:    0 | TN:    0 |
    -----------------------
  - Classification:
      TPR/Sensitivity: 1.0000
      TNR/Specificity: 0.0000
      Precision: 0.5625
      Recall: 1.0000
      F1-score: 0.7200
Epoch: 86  Current Best Test for f1-score: 0.72 at epoch 0
Epoch: 86  Current Best Test for accuracy: 0.5625 at epoch 0
  test:
  | time:    0.093s | LR: 0.001000 | Average Loss:      nan | Accuracy: 56.25% (36/64) |
  Output Scores:
  - Confusion Matrix:
    -----------------------
    | TP:   36 | FP:   28 |
    -----------------------
    | FN:    0 | TN:    0 |
    -----------------------
  - Classification:
      TPR/Sensitivity: 1.0000
      TNR/Specificity: 0.0000
      Precision: 0.5625
      Recall: 1.0000
      F1-score: 0.7200
Epoch: 87  Current Best Test for f1-score: 0.72 at epoch 0
Epoch: 87  Current Best Test for accuracy: 0.5625 at epoch 0
  test:
  | time:    0.104s | LR: 0.001000 | Average Loss:      nan | Accuracy: 56.25% (36/64) |
  Output Scores:
  - Confusion Matrix:
    -----------------------
    | TP:   36 | FP:   28 |
    -----------------------
    | FN:    0 | TN:    0 |
    -----------------------
  - Classification:
      TPR/Sensitivity: 1.0000
      TNR/Specificity: 0.0000
      Precision: 0.5625
      Recall: 1.0000
      F1-score: 0.7200
Epoch: 88  Current Best Test for f1-score: 0.72 at epoch 0
Epoch: 88  Current Best Test for accuracy: 0.5625 at epoch 0
  test:
  | time:    0.099s | LR: 0.001000 | Average Loss:      nan | Accuracy: 56.25% (36/64) |
  Output Scores:
  - Confusion Matrix:
    -----------------------
    | TP:   36 | FP:   28 |
    -----------------------
    | FN:    0 | TN:    0 |
    -----------------------
  - Classification:
      TPR/Sensitivity: 1.0000
      TNR/Specificity: 0.0000
      Precision: 0.5625
      Recall: 1.0000
      F1-score: 0.7200
Epoch: 89  Current Best Test for f1-score: 0.72 at epoch 0
Epoch: 89  Current Best Test for accuracy: 0.5625 at epoch 0
  test:
  | time:    0.097s | LR: 0.001000 | Average Loss:      nan | Accuracy: 56.25% (36/64) |
  Output Scores:
  - Confusion Matrix:
    -----------------------
    | TP:   36 | FP:   28 |
    -----------------------
    | FN:    0 | TN:    0 |
    -----------------------
  - Classification:
      TPR/Sensitivity: 1.0000
      TNR/Specificity: 0.0000
      Precision: 0.5625
      Recall: 1.0000
      F1-score: 0.7200
Epoch: 90  Current Best Test for f1-score: 0.72 at epoch 0
Epoch: 90  Current Best Test for accuracy: 0.5625 at epoch 0
  test:
  | time:    0.101s | LR: 0.001000 | Average Loss:      nan | Accuracy: 56.25% (36/64) |
  Output Scores:
  - Confusion Matrix:
    -----------------------
    | TP:   36 | FP:   28 |
    -----------------------
    | FN:    0 | TN:    0 |
    -----------------------
  - Classification:
      TPR/Sensitivity: 1.0000
      TNR/Specificity: 0.0000
      Precision: 0.5625
      Recall: 1.0000
      F1-score: 0.7200
Epoch: 91  Current Best Test for f1-score: 0.72 at epoch 0
Epoch: 91  Current Best Test for accuracy: 0.5625 at epoch 0
  test:
  | time:    0.104s | LR: 0.001000 | Average Loss:      nan | Accuracy: 56.25% (36/64) |
  Output Scores:
  - Confusion Matrix:
    -----------------------
    | TP:   36 | FP:   28 |
    -----------------------
    | FN:    0 | TN:    0 |
    -----------------------
  - Classification:
      TPR/Sensitivity: 1.0000
      TNR/Specificity: 0.0000
      Precision: 0.5625
      Recall: 1.0000
      F1-score: 0.7200
Epoch: 92  Current Best Test for f1-score: 0.72 at epoch 0
Epoch: 92  Current Best Test for accuracy: 0.5625 at epoch 0
  test:
  | time:    0.113s | LR: 0.001000 | Average Loss:      nan | Accuracy: 56.25% (36/64) |
  Output Scores:
  - Confusion Matrix:
    -----------------------
    | TP:   36 | FP:   28 |
    -----------------------
    | FN:    0 | TN:    0 |
    -----------------------
  - Classification:
      TPR/Sensitivity: 1.0000
      TNR/Specificity: 0.0000
      Precision: 0.5625
      Recall: 1.0000
      F1-score: 0.7200
Epoch: 93  Current Best Test for f1-score: 0.72 at epoch 0
Epoch: 93  Current Best Test for accuracy: 0.5625 at epoch 0
  test:
  | time:    0.118s | LR: 0.001000 | Average Loss:      nan | Accuracy: 56.25% (36/64) |
  Output Scores:
  - Confusion Matrix:
    -----------------------
    | TP:   36 | FP:   28 |
    -----------------------
    | FN:    0 | TN:    0 |
    -----------------------
  - Classification:
      TPR/Sensitivity: 1.0000
      TNR/Specificity: 0.0000
      Precision: 0.5625
      Recall: 1.0000
      F1-score: 0.7200
Epoch: 94  Current Best Test for f1-score: 0.72 at epoch 0
Epoch: 94  Current Best Test for accuracy: 0.5625 at epoch 0
  test:
  | time:    0.119s | LR: 0.001000 | Average Loss:      nan | Accuracy: 56.25% (36/64) |
  Output Scores:
  - Confusion Matrix:
    -----------------------
    | TP:   36 | FP:   28 |
    -----------------------
    | FN:    0 | TN:    0 |
    -----------------------
  - Classification:
      TPR/Sensitivity: 1.0000
      TNR/Specificity: 0.0000
      Precision: 0.5625
      Recall: 1.0000
      F1-score: 0.7200
Epoch: 95  Current Best Test for f1-score: 0.72 at epoch 0
Epoch: 95  Current Best Test for accuracy: 0.5625 at epoch 0
  test:
  | time:    0.125s | LR: 0.001000 | Average Loss:      nan | Accuracy: 56.25% (36/64) |
  Output Scores:
  - Confusion Matrix:
    -----------------------
    | TP:   36 | FP:   28 |
    -----------------------
    | FN:    0 | TN:    0 |
    -----------------------
  - Classification:
      TPR/Sensitivity: 1.0000
      TNR/Specificity: 0.0000
      Precision: 0.5625
      Recall: 1.0000
      F1-score: 0.7200
Epoch: 96  Current Best Test for f1-score: 0.72 at epoch 0
Epoch: 96  Current Best Test for accuracy: 0.5625 at epoch 0
  test:
  | time:    0.115s | LR: 0.001000 | Average Loss:      nan | Accuracy: 56.25% (36/64) |
  Output Scores:
  - Confusion Matrix:
    -----------------------
    | TP:   36 | FP:   28 |
    -----------------------
    | FN:    0 | TN:    0 |
    -----------------------
  - Classification:
      TPR/Sensitivity: 1.0000
      TNR/Specificity: 0.0000
      Precision: 0.5625
      Recall: 1.0000
      F1-score: 0.7200
Epoch: 97  Current Best Test for f1-score: 0.72 at epoch 0
Epoch: 97  Current Best Test for accuracy: 0.5625 at epoch 0
  test:
  | time:    0.097s | LR: 0.001000 | Average Loss:      nan | Accuracy: 56.25% (36/64) |
  Output Scores:
  - Confusion Matrix:
    -----------------------
    | TP:   36 | FP:   28 |
    -----------------------
    | FN:    0 | TN:    0 |
    -----------------------
  - Classification:
      TPR/Sensitivity: 1.0000
      TNR/Specificity: 0.0000
      Precision: 0.5625
      Recall: 1.0000
      F1-score: 0.7200
Epoch: 98  Current Best Test for f1-score: 0.72 at epoch 0
Epoch: 98  Current Best Test for accuracy: 0.5625 at epoch 0
  test:
  | time:    0.112s | LR: 0.001000 | Average Loss:      nan | Accuracy: 56.25% (36/64) |
  Output Scores:
  - Confusion Matrix:
    -----------------------
    | TP:   36 | FP:   28 |
    -----------------------
    | FN:    0 | TN:    0 |
    -----------------------
  - Classification:
      TPR/Sensitivity: 1.0000
      TNR/Specificity: 0.0000
      Precision: 0.5625
      Recall: 1.0000
      F1-score: 0.7200
Epoch: 99  Current Best Test for f1-score: 0.72 at epoch 0
Epoch: 99  Current Best Test for accuracy: 0.5625 at epoch 0
  test:
  | time:    0.096s | LR: 0.001000 | Average Loss:      nan | Accuracy: 56.25% (36/64) |
  Output Scores:
  - Confusion Matrix:
    -----------------------
    | TP:   36 | FP:   28 |
    -----------------------
    | FN:    0 | TN:    0 |
    -----------------------
  - Classification:
      TPR/Sensitivity: 1.0000
      TNR/Specificity: 0.0000
      Precision: 0.5625
      Recall: 1.0000
      F1-score: 0.7200
